<?xml version="1.0" encoding="UTF-8"?>
<!-- Generated by org.testng.reporters.JUnitReportReporter -->
<testsuite skipped="0" hostname="DESKTOP-P2T5PHQ" name="basicTrainingPrograms.MavenDemo" tests="1" failures="0" timestamp="2023-11-23T10:34:19 IST" time="0.013" errors="0">
  <testcase name="displayMessage" time="0.013" classname="basicTrainingPrograms.MavenDemo"/>
  <system-out/>
</testsuite> <!-- basicTrainingPrograms.MavenDemo -->
